<?xml version="1.0" encoding="UTF-8" ?>
<testsuite errors="0" failures="0" hostname="Macintosh-5" name="test.domain.adddomain.TestAddMasterDomain" tests="2" time="0.65" timestamp="2008-01-08T19:42:01">
  <properties>
    <property name="java.vendor" value="Apple Inc." />
    <property name="sun.java.launcher" value="SUN_STANDARD" />
    <property name="eclipse.pdebuild.templates" value="/Users/christopherschmidt/Code/eclipse3.3.1.1/plugins/org.eclipse.pde.build_3.3.2.R331_v20071019/templates//" />
    <property name="sun.management.compiler" value="HotSpot 64-Bit Server Compiler" />
    <property name="dist" value="/Users/christopherschmidt/Code/workspace/JDBCluster0.9/dist" />
    <property name="os.name" value="Mac OS X" />
    <property name="sun.boot.class.path" value="/System/Library/Frameworks/JavaVM.framework/Versions/1.6.0/Classes/classes.jar:/System/Library/Frameworks/JavaVM.framework/Versions/1.6.0/Classes/ui.jar:/System/Library/Frameworks/JavaVM.framework/Versions/1.6.0/Classes/laf.jar:/System/Library/Frameworks/JavaVM.framework/Versions/1.6.0/Classes/sunrsasign.jar:/System/Library/Frameworks/JavaVM.framework/Versions/1.6.0/Classes/jsse.jar:/System/Library/Frameworks/JavaVM.framework/Versions/1.6.0/Classes/jce.jar:/System/Library/Frameworks/JavaVM.framework/Versions/1.6.0/Classes/charsets.jar" />
    <property name="JUNIT_HOME" value="/Users/christopherschmidt/Code/Projekte/Java/ThirdParty/junit/4.3.1/lib" />
    <property name="TODAY" value="January 8 2008" />
    <property name="JDBCluster_ThirdParty" value="/Users/christopherschmidt/Code/Projekte/Java/ThirdParty" />
    <property name="java.vm.specification.vendor" value="Sun Microsystems Inc." />
    <property name="ant.home" value="/Users/christopherschmidt/Code/eclipse3.3.1.1/plugins/org.apache.ant_1.7.0.v200706080842" />
    <property name="java.runtime.version" value="1.6.0_01-dp-b06-101" />
    <property name="user.name" value="christopherschmidt" />
    <property name="src.excludes" value="src/org/jdbcluster/logging/,src/org/jdbcluster/tracing/" />
    <property name="awt.nativeDoubleBuffering" value="true" />
    <property name="user.language" value="de" />
    <property name="build" value="/Users/christopherschmidt/Code/workspace/JDBCluster0.9/build" />
    <property name="sun.boot.library.path" value="/System/Library/Frameworks/JavaVM.framework/Versions/1.6.0/Libraries" />
    <property name="ant.project.name" value="JDBCluster" />
    <property name="DSTAMP" value="20080108" />
    <property name="java.version" value="1.6.0_01-dp" />
    <property name="user.timezone" value="" />
    <property name="sun.arch.data.model" value="64" />
    <property name="java.endorsed.dirs" value="/System/Library/Frameworks/JavaVM.framework/Versions/1.6.0/Home/lib/endorsed" />
    <property name="sun.cpu.isalist" value="" />
    <property name="sun.jnu.encoding" value="MacRoman" />
    <property name="file.encoding.pkg" value="sun.io" />
    <property name="file.separator" value="/" />
    <property name="java.specification.name" value="Java Platform API Specification" />
    <property name="java.class.version" value="50.0" />
    <property name="src" value="/Users/christopherschmidt/Code/workspace/JDBCluster0.9/src" />
    <property name="user.country" value="DE" />
    <property name="java.home" value="/System/Library/Frameworks/JavaVM.framework/Versions/1.6.0/Home" />
    <property name="java.vm.info" value="mixed mode" />
    <property name="ant.file" value="/Users/christopherschmidt/Code/workspace/JDBCluster0.9/build.xml" />
    <property name="os.version" value="10.5.1" />
    <property name="test.reports" value="/Users/christopherschmidt/Code/workspace/JDBCluster0.9/TestReports" />
    <property name="path.separator" value=":" />
    <property name="java.vm.version" value="1.6.0_01-41-release" />
    <property name="ant.file.JDBCluster" value="/Users/christopherschmidt/Code/workspace/JDBCluster0.9/build.xml" />
    <property name="ant.library.dir" value="/Users/christopherschmidt/Code/eclipse3.3.1.1/plugins/org.apache.ant_1.7.0.v200706080842/lib" />
    <property name="java.awt.printerjob" value="apple.awt.CPrinterJob" />
    <property name="sun.io.unicode.encoding" value="UnicodeLittle" />
    <property name="awt.toolkit" value="apple.awt.CToolkit" />
    <property name="eclipse.pdebuild.scripts" value="/Users/christopherschmidt/Code/eclipse3.3.1.1/plugins/org.eclipse.pde.build_3.3.2.R331_v20071019/scripts//" />
    <property name="user.home" value="/Users/christopherschmidt" />
    <property name="java.specification.vendor" value="Sun Microsystems Inc." />
    <property name="test" value="/Users/christopherschmidt/Code/workspace/JDBCluster0.9/test" />
    <property name="java.library.path" value=".:/Library/Java/Extensions:/System/Library/Java/Extensions:/usr/lib/java" />
    <property name="java.vendor.url" value="http://www.apple.com/" />
    <property name="java.vm.vendor" value="Apple Inc." />
    <property name="gopherProxySet" value="false" />
    <property name="java.runtime.name" value="Java(TM) SE Runtime Environment" />
    <property name="java.class.path" value="/Users/christopherschmidt/Code/workspace/JDBCluster/bin:/Users/christopherschmidt/Code/Projekte/Java/ThirdParty/aspectj/1.5.3/lib/aspectjrt.jar:/Users/christopherschmidt/Code/Projekte/Java/ThirdParty/commons-logging/1.1/lib/commons-logging-1.1.jar:/Users/christopherschmidt/Code/Projekte/Java/ThirdParty/commons-logging/1.1/lib/commons-logging-adapters-1.1.jar:/Users/christopherschmidt/Code/Projekte/Java/ThirdParty/commons-logging/1.1/lib/commons-logging-api-1.1.jar:/Users/christopherschmidt/Code/Projekte/Java/ThirdParty/com4j/20061110/lib/com4j.jar:/Users/christopherschmidt/Code/Projekte/Java/ThirdParty/hibernate/3.2.5/lib/hibernate3.jar:/Users/christopherschmidt/Code/Projekte/Java/ThirdParty/hsqldb/1.8.0.7/lib/hsqldb.jar:/Users/christopherschmidt/Code/Projekte/Java/ThirdParty/spring/2.0.5/lib/spring.jar:/Users/christopherschmidt/Code/Projekte/Java/ThirdParty/log4j/1.2.14/lib/log4j-1.2.14.jar:/Users/christopherschmidt/Code/Projekte/Java/ThirdParty/spring/2.0.5/lib/modules/spring-hibernate3.jar:/Users/christopherschmidt/Code/Projekte/Java/ThirdParty/dom4j/1.6.1/lib/dom4j-1.6.1.jar:/Users/christopherschmidt/Code/Projekte/Java/ThirdParty/jaxen/1.1.1/lib/jaxen-1.1.1.jar:/Users/christopherschmidt/Code/Projekte/Java/ThirdParty/commons-collections/3.2/lib/commons-collections-3.2.jar:/Users/christopherschmidt/Code/Projekte/Java/ThirdParty/cglib/2.1.3/lib/cglib-2.1.3.jar:/Users/christopherschmidt/Code/Projekte/Java/ThirdParty/asm/unknown/lib/asm.jar:/Users/christopherschmidt/Code/Projekte/Java/ThirdParty/asm/unknown/lib/asm-attrs.jar:/Users/christopherschmidt/Code/Projekte/Java/ThirdParty/jta/1.0.1b/lib/jta.jar:/Users/christopherschmidt/Code/Projekte/Java/ThirdParty/antlr/2.7.6/lib/antlr-2.7.6.jar:/Users/christopherschmidt/Code/Projekte/Java/ThirdParty/aspectj/1.5.3/lib/aspectjtools.jar:/Users/christopherschmidt/Code/workspace/JDBCluster0.9/dist/lib/JDBClusterTest-20080108.jar:/Users/christopherschmidt/Code/workspace/JDBCluster0.9/dist/lib/JDBCluster-20080108.jar:/Users/christopherschmidt/Code/Projekte/Java/ThirdParty/junit/4.3.1/lib/junit-4.3.1.jar:/Users/christopherschmidt/Code/eclipse3.3.1.1/plugins/org.apache.ant_1.7.0.v200706080842/lib/ant-launcher.jar:/Users/christopherschmidt/Code/eclipse3.3.1.1/plugins/org.apache.ant_1.7.0.v200706080842/lib/ant.jar:/Users/christopherschmidt/Code/eclipse3.3.1.1/plugins/org.apache.ant_1.7.0.v200706080842/lib/ant-junit.jar" />
    <property name="ant.version" value="Apache Ant version 1.7.0 compiled on December 13 2006" />
    <property name="example" value="/Users/christopherschmidt/Code/workspace/JDBCluster0.9/example" />
    <property name="TSTAMP" value="2041" />
    <property name="project.name" value="JDBCluster" />
    <property name="java.vm.specification.name" value="Java Virtual Machine Specification" />
    <property name="java.vm.specification.version" value="1.0" />
    <property name="sun.cpu.endian" value="little" />
    <property name="sun.os.patch.level" value="unknown" />
    <property name="eclipse.pdebuild.home" value="/Users/christopherschmidt/Code/eclipse3.3.1.1/plugins/org.eclipse.pde.build_3.3.2.R331_v20071019/.//" />
    <property name="java.io.tmpdir" value="/tmp" />
    <property name="org.eclipse.ajdt.core.ASPECTJRT_CONTAINER" value="/Users/christopherschmidt/Code/Projekte/Java/ThirdParty/aspectj/1.5.3/lib/aspectjrt.jar" />
    <property name="java.vendor.url.bug" value="http://bugreport.apple.com/" />
    <property name="os.arch" value="x86_64" />
    <property name="java.awt.graphicsenv" value="apple.awt.CGraphicsEnvironment" />
    <property name="java.ext.dirs" value="/Library/Java/Extensions:/System/Library/Java/Extensions:/System/Library/Frameworks/JavaVM.framework/Versions/1.6.0/Home/lib/ext" />
    <property name="user.dir" value="/Users/christopherschmidt/Code/workspace/JDBCluster0.9" />
    <property name="mrj.version" value="1040.1.6.0_01-101" />
    <property name="line.separator" value="
" />
    <property name="java.vm.name" value="Java HotSpot(TM) 64-Bit Server VM" />
    <property name="src.includes" value="src/,example/,test/" />
    <property name="basedir" value="/Users/christopherschmidt/Code/workspace/JDBCluster0.9" />
    <property name="ant.java.version" value="1.6" />
    <property name="ant.core.lib" value="/Users/christopherschmidt/Code/eclipse3.3.1.1/plugins/org.apache.ant_1.7.0.v200706080842/lib/ant.jar" />
    <property name="file.encoding" value="MacRoman" />
    <property name="java.specification.version" value="1.6" />
  </properties>
  <testcase classname="test.domain.adddomain.TestAddMasterDomain" name="testInValidDomains" time="0.453" />
  <testcase classname="test.domain.adddomain.TestAddMasterDomain" name="testValidDomains" time="0.122" />
  <system-out><![CDATA[]]></system-out>
  <system-err><![CDATA[org.jdbcluster.exception.DomainException: Value: AA4 is not valid for slave domain subSubSubCatCode in Class test.domain.adddomain.AddDomainCluster in Field subSubSubCatCode
	at org.jdbcluster.domain.DomainCheck.ajc$around$org_jdbcluster_domain_DomainCheck$1$33e253d4(DomainCheck.aj:76)
	at test.domain.adddomain.AddDomainCluster.setSubSubSubCatCode(AddDomainCluster.java:63)
	at test.domain.adddomain.AddDomainCluster.setCodes(AddDomainCluster.java:70)
	at test.domain.adddomain.TestAddMasterDomain.testValidDomains(TestAddMasterDomain.java:252)
	at sun.reflect.NativeMethodAccessorImpl.invoke0(Native Method)
	at sun.reflect.NativeMethodAccessorImpl.invoke(NativeMethodAccessorImpl.java:39)
	at sun.reflect.DelegatingMethodAccessorImpl.invoke(DelegatingMethodAccessorImpl.java:25)
	at java.lang.reflect.Method.invoke(Method.java:597)
	at junit.framework.TestCase.runTest(TestCase.java:168)
	at junit.framework.TestCase.runBare(TestCase.java:134)
	at junit.framework.TestResult$1.protect(TestResult.java:110)
	at junit.framework.TestResult.runProtected(TestResult.java:128)
	at junit.framework.TestResult.run(TestResult.java:113)
	at junit.framework.TestCase.run(TestCase.java:124)
	at junit.framework.TestSuite.runTest(TestSuite.java:232)
	at junit.framework.TestSuite.run(TestSuite.java:227)
	at org.junit.internal.runners.OldTestClassRunner.run(OldTestClassRunner.java:76)
	at junit.framework.JUnit4TestAdapter.run(JUnit4TestAdapter.java:32)
	at org.apache.tools.ant.taskdefs.optional.junit.JUnitTestRunner.run(JUnitTestRunner.java:421)
	at org.apache.tools.ant.taskdefs.optional.junit.JUnitTestRunner.launch(JUnitTestRunner.java:912)
	at org.apache.tools.ant.taskdefs.optional.junit.JUnitTestRunner.main(JUnitTestRunner.java:766)
]]></system-err>
</testsuite>
