<?xml version="1.0" encoding="UTF-8" ?>
<testsuite errors="0" failures="0" hostname="Macintosh-5" name="test.domain.TestDomainCheck" tests="4" time="0.737" timestamp="2008-01-08T19:41:54">
  <properties>
    <property name="java.vendor" value="Apple Inc." />
    <property name="sun.java.launcher" value="SUN_STANDARD" />
    <property name="eclipse.pdebuild.templates" value="/Users/christopherschmidt/Code/eclipse3.3.1.1/plugins/org.eclipse.pde.build_3.3.2.R331_v20071019/templates//" />
    <property name="sun.management.compiler" value="HotSpot 64-Bit Server Compiler" />
    <property name="dist" value="/Users/christopherschmidt/Code/workspace/JDBCluster0.9/dist" />
    <property name="os.name" value="Mac OS X" />
    <property name="sun.boot.class.path" value="/System/Library/Frameworks/JavaVM.framework/Versions/1.6.0/Classes/classes.jar:/System/Library/Frameworks/JavaVM.framework/Versions/1.6.0/Classes/ui.jar:/System/Library/Frameworks/JavaVM.framework/Versions/1.6.0/Classes/laf.jar:/System/Library/Frameworks/JavaVM.framework/Versions/1.6.0/Classes/sunrsasign.jar:/System/Library/Frameworks/JavaVM.framework/Versions/1.6.0/Classes/jsse.jar:/System/Library/Frameworks/JavaVM.framework/Versions/1.6.0/Classes/jce.jar:/System/Library/Frameworks/JavaVM.framework/Versions/1.6.0/Classes/charsets.jar" />
    <property name="JUNIT_HOME" value="/Users/christopherschmidt/Code/Projekte/Java/ThirdParty/junit/4.3.1/lib" />
    <property name="TODAY" value="January 8 2008" />
    <property name="JDBCluster_ThirdParty" value="/Users/christopherschmidt/Code/Projekte/Java/ThirdParty" />
    <property name="java.vm.specification.vendor" value="Sun Microsystems Inc." />
    <property name="ant.home" value="/Users/christopherschmidt/Code/eclipse3.3.1.1/plugins/org.apache.ant_1.7.0.v200706080842" />
    <property name="java.runtime.version" value="1.6.0_01-dp-b06-101" />
    <property name="user.name" value="christopherschmidt" />
    <property name="src.excludes" value="src/org/jdbcluster/logging/,src/org/jdbcluster/tracing/" />
    <property name="awt.nativeDoubleBuffering" value="true" />
    <property name="user.language" value="de" />
    <property name="build" value="/Users/christopherschmidt/Code/workspace/JDBCluster0.9/build" />
    <property name="sun.boot.library.path" value="/System/Library/Frameworks/JavaVM.framework/Versions/1.6.0/Libraries" />
    <property name="ant.project.name" value="JDBCluster" />
    <property name="DSTAMP" value="20080108" />
    <property name="java.version" value="1.6.0_01-dp" />
    <property name="user.timezone" value="" />
    <property name="sun.arch.data.model" value="64" />
    <property name="java.endorsed.dirs" value="/System/Library/Frameworks/JavaVM.framework/Versions/1.6.0/Home/lib/endorsed" />
    <property name="sun.cpu.isalist" value="" />
    <property name="sun.jnu.encoding" value="MacRoman" />
    <property name="file.encoding.pkg" value="sun.io" />
    <property name="file.separator" value="/" />
    <property name="java.specification.name" value="Java Platform API Specification" />
    <property name="java.class.version" value="50.0" />
    <property name="src" value="/Users/christopherschmidt/Code/workspace/JDBCluster0.9/src" />
    <property name="user.country" value="DE" />
    <property name="java.home" value="/System/Library/Frameworks/JavaVM.framework/Versions/1.6.0/Home" />
    <property name="java.vm.info" value="mixed mode" />
    <property name="ant.file" value="/Users/christopherschmidt/Code/workspace/JDBCluster0.9/build.xml" />
    <property name="os.version" value="10.5.1" />
    <property name="test.reports" value="/Users/christopherschmidt/Code/workspace/JDBCluster0.9/TestReports" />
    <property name="path.separator" value=":" />
    <property name="java.vm.version" value="1.6.0_01-41-release" />
    <property name="ant.file.JDBCluster" value="/Users/christopherschmidt/Code/workspace/JDBCluster0.9/build.xml" />
    <property name="ant.library.dir" value="/Users/christopherschmidt/Code/eclipse3.3.1.1/plugins/org.apache.ant_1.7.0.v200706080842/lib" />
    <property name="java.awt.printerjob" value="apple.awt.CPrinterJob" />
    <property name="sun.io.unicode.encoding" value="UnicodeLittle" />
    <property name="awt.toolkit" value="apple.awt.CToolkit" />
    <property name="eclipse.pdebuild.scripts" value="/Users/christopherschmidt/Code/eclipse3.3.1.1/plugins/org.eclipse.pde.build_3.3.2.R331_v20071019/scripts//" />
    <property name="user.home" value="/Users/christopherschmidt" />
    <property name="java.specification.vendor" value="Sun Microsystems Inc." />
    <property name="test" value="/Users/christopherschmidt/Code/workspace/JDBCluster0.9/test" />
    <property name="java.library.path" value=".:/Library/Java/Extensions:/System/Library/Java/Extensions:/usr/lib/java" />
    <property name="java.vendor.url" value="http://www.apple.com/" />
    <property name="java.vm.vendor" value="Apple Inc." />
    <property name="gopherProxySet" value="false" />
    <property name="java.runtime.name" value="Java(TM) SE Runtime Environment" />
    <property name="java.class.path" value="/Users/christopherschmidt/Code/workspace/JDBCluster/bin:/Users/christopherschmidt/Code/Projekte/Java/ThirdParty/aspectj/1.5.3/lib/aspectjrt.jar:/Users/christopherschmidt/Code/Projekte/Java/ThirdParty/commons-logging/1.1/lib/commons-logging-1.1.jar:/Users/christopherschmidt/Code/Projekte/Java/ThirdParty/commons-logging/1.1/lib/commons-logging-adapters-1.1.jar:/Users/christopherschmidt/Code/Projekte/Java/ThirdParty/commons-logging/1.1/lib/commons-logging-api-1.1.jar:/Users/christopherschmidt/Code/Projekte/Java/ThirdParty/com4j/20061110/lib/com4j.jar:/Users/christopherschmidt/Code/Projekte/Java/ThirdParty/hibernate/3.2.5/lib/hibernate3.jar:/Users/christopherschmidt/Code/Projekte/Java/ThirdParty/hsqldb/1.8.0.7/lib/hsqldb.jar:/Users/christopherschmidt/Code/Projekte/Java/ThirdParty/spring/2.0.5/lib/spring.jar:/Users/christopherschmidt/Code/Projekte/Java/ThirdParty/log4j/1.2.14/lib/log4j-1.2.14.jar:/Users/christopherschmidt/Code/Projekte/Java/ThirdParty/spring/2.0.5/lib/modules/spring-hibernate3.jar:/Users/christopherschmidt/Code/Projekte/Java/ThirdParty/dom4j/1.6.1/lib/dom4j-1.6.1.jar:/Users/christopherschmidt/Code/Projekte/Java/ThirdParty/jaxen/1.1.1/lib/jaxen-1.1.1.jar:/Users/christopherschmidt/Code/Projekte/Java/ThirdParty/commons-collections/3.2/lib/commons-collections-3.2.jar:/Users/christopherschmidt/Code/Projekte/Java/ThirdParty/cglib/2.1.3/lib/cglib-2.1.3.jar:/Users/christopherschmidt/Code/Projekte/Java/ThirdParty/asm/unknown/lib/asm.jar:/Users/christopherschmidt/Code/Projekte/Java/ThirdParty/asm/unknown/lib/asm-attrs.jar:/Users/christopherschmidt/Code/Projekte/Java/ThirdParty/jta/1.0.1b/lib/jta.jar:/Users/christopherschmidt/Code/Projekte/Java/ThirdParty/antlr/2.7.6/lib/antlr-2.7.6.jar:/Users/christopherschmidt/Code/Projekte/Java/ThirdParty/aspectj/1.5.3/lib/aspectjtools.jar:/Users/christopherschmidt/Code/workspace/JDBCluster0.9/dist/lib/JDBClusterTest-20080108.jar:/Users/christopherschmidt/Code/workspace/JDBCluster0.9/dist/lib/JDBCluster-20080108.jar:/Users/christopherschmidt/Code/Projekte/Java/ThirdParty/junit/4.3.1/lib/junit-4.3.1.jar:/Users/christopherschmidt/Code/eclipse3.3.1.1/plugins/org.apache.ant_1.7.0.v200706080842/lib/ant-launcher.jar:/Users/christopherschmidt/Code/eclipse3.3.1.1/plugins/org.apache.ant_1.7.0.v200706080842/lib/ant.jar:/Users/christopherschmidt/Code/eclipse3.3.1.1/plugins/org.apache.ant_1.7.0.v200706080842/lib/ant-junit.jar" />
    <property name="ant.version" value="Apache Ant version 1.7.0 compiled on December 13 2006" />
    <property name="example" value="/Users/christopherschmidt/Code/workspace/JDBCluster0.9/example" />
    <property name="TSTAMP" value="2041" />
    <property name="project.name" value="JDBCluster" />
    <property name="java.vm.specification.name" value="Java Virtual Machine Specification" />
    <property name="java.vm.specification.version" value="1.0" />
    <property name="sun.cpu.endian" value="little" />
    <property name="sun.os.patch.level" value="unknown" />
    <property name="eclipse.pdebuild.home" value="/Users/christopherschmidt/Code/eclipse3.3.1.1/plugins/org.eclipse.pde.build_3.3.2.R331_v20071019/.//" />
    <property name="java.io.tmpdir" value="/tmp" />
    <property name="org.eclipse.ajdt.core.ASPECTJRT_CONTAINER" value="/Users/christopherschmidt/Code/Projekte/Java/ThirdParty/aspectj/1.5.3/lib/aspectjrt.jar" />
    <property name="java.vendor.url.bug" value="http://bugreport.apple.com/" />
    <property name="os.arch" value="x86_64" />
    <property name="java.awt.graphicsenv" value="apple.awt.CGraphicsEnvironment" />
    <property name="java.ext.dirs" value="/Library/Java/Extensions:/System/Library/Java/Extensions:/System/Library/Frameworks/JavaVM.framework/Versions/1.6.0/Home/lib/ext" />
    <property name="user.dir" value="/Users/christopherschmidt/Code/workspace/JDBCluster0.9" />
    <property name="mrj.version" value="1040.1.6.0_01-101" />
    <property name="line.separator" value="
" />
    <property name="java.vm.name" value="Java HotSpot(TM) 64-Bit Server VM" />
    <property name="src.includes" value="src/,example/,test/" />
    <property name="basedir" value="/Users/christopherschmidt/Code/workspace/JDBCluster0.9" />
    <property name="ant.java.version" value="1.6" />
    <property name="ant.core.lib" value="/Users/christopherschmidt/Code/eclipse3.3.1.1/plugins/org.apache.ant_1.7.0.v200706080842/lib/ant.jar" />
    <property name="file.encoding" value="MacRoman" />
    <property name="java.specification.version" value="1.6" />
  </properties>
  <testcase classname="test.domain.TestDomainCheck" name="testDomainOneDep" time="0.461" />
  <testcase classname="test.domain.TestDomainCheck" name="testDomainTwoDep" time="0.062" />
  <testcase classname="test.domain.TestDomainCheck" name="testDomainCheckWithPath" time="0.067" />
  <testcase classname="test.domain.TestDomainCheck" name="testAdditionalMaster" time="0.075" />
  <system-out><![CDATA[0    INFO  [main]     mycluster.privilege.UserPrivilege     needed privileges: [BIKE]
24   INFO  [main]     mycluster.privilege.UserPrivilege     needed privileges: [BIKE, GETNESTED]
25   INFO  [main] org.jdbcluster.privilege.PrivilegeCheckerImpl     property [nested.nestedDomain] is not accessable. Skipping Priv test
25   INFO  [main]     mycluster.privilege.UserPrivilege     needed privileges: [BIKE, NeedsRight4[ColorType]DomainValue[Color]]
27   INFO  [main]     mycluster.privilege.UserPrivilege     needed privileges: [NeedsRight4[ColorType]DomainValue[Color]]
29   INFO  [main]     mycluster.privilege.UserPrivilege     needed privileges: [BIKE, GETCOLTYPE]
29   INFO  [main]     mycluster.privilege.UserPrivilege     needed privileges: [BIKE, GETNESTED]
29   INFO  [main] org.jdbcluster.privilege.PrivilegeCheckerImpl     property [nested.nestedDomain] is not accessable. Skipping Priv test
29   INFO  [main]     mycluster.privilege.UserPrivilege     needed privileges: [BIKE, NeedsRight4[ColorType]DomainValue[Color]]
35   INFO  [main]     mycluster.privilege.UserPrivilege     needed privileges: [NeedsRight4[Color]DomainValue[RED]]
35   INFO  [main]     mycluster.privilege.UserPrivilege     needed privileges: [BIKE, GETCOLTYPE]
36   INFO  [main]     mycluster.privilege.UserPrivilege     needed privileges: [BIKE, GETCOLTYPE]
36   INFO  [main]     mycluster.privilege.UserPrivilege     needed privileges: [BIKE, GETNESTED]
36   INFO  [main] org.jdbcluster.privilege.PrivilegeCheckerImpl     property [nested.nestedDomain] is not accessable. Skipping Priv test
37   INFO  [main]     mycluster.privilege.UserPrivilege     needed privileges: [BIKE, NeedsRight4[ColorType]DomainValue[Color]]
37   INFO  [main]     mycluster.privilege.UserPrivilege     needed privileges: [NeedsRight4[Color]DomainValue[GREEN]]
37   INFO  [main]     mycluster.privilege.UserPrivilege     needed privileges: [BIKE, GETCOLTYPE]
38   INFO  [main]     mycluster.privilege.UserPrivilege     needed privileges: [BIKE, GETCOLTYPE]
38   INFO  [main]     mycluster.privilege.UserPrivilege     needed privileges: [BIKE, GETNESTED]
38   INFO  [main] org.jdbcluster.privilege.PrivilegeCheckerImpl     property [nested.nestedDomain] is not accessable. Skipping Priv test
38   INFO  [main]     mycluster.privilege.UserPrivilege     needed privileges: [BIKE, NeedsRight4[ColorType]DomainValue[Color]]
38   INFO  [main]     mycluster.privilege.UserPrivilege     needed privileges: [NeedsRight4[Color]DomainValue[BLUE]]
38   INFO  [main]     mycluster.privilege.UserPrivilege     needed privileges: [BIKE, GETCOLTYPE]
39   INFO  [main]     mycluster.privilege.UserPrivilege     needed privileges: [BIKE, GETCOLTYPE]
39   INFO  [main]     mycluster.privilege.UserPrivilege     needed privileges: [BIKE, GETNESTED]
39   INFO  [main] org.jdbcluster.privilege.PrivilegeCheckerImpl     property [nested.nestedDomain] is not accessable. Skipping Priv test
39   INFO  [main]     mycluster.privilege.UserPrivilege     needed privileges: [BIKE, NeedsRight4[ColorType]DomainValue[Color]]
39   INFO  [main]     mycluster.privilege.UserPrivilege     needed privileges: null
40   INFO  [main]     mycluster.privilege.UserPrivilege     needed privileges: [BIKE, GETCOLTYPE]
40   INFO  [main]     mycluster.privilege.UserPrivilege     needed privileges: [BIKE, GETCOLTYPE]
41   INFO  [main]     mycluster.privilege.UserPrivilege     needed privileges: [BIKE, GETNESTED]
41   INFO  [main] org.jdbcluster.privilege.PrivilegeCheckerImpl     property [nested.nestedDomain] is not accessable. Skipping Priv test
41   INFO  [main]     mycluster.privilege.UserPrivilege     needed privileges: [BIKE, NeedsRight4[ColorType]DomainValue[Color]]
41   INFO  [main]     mycluster.privilege.UserPrivilege     needed privileges: [NeedsRight4[Color]DomainValue[NULL]]
41   INFO  [main]     mycluster.privilege.UserPrivilege     needed privileges: [BIKE, GETCOLTYPE]
42   INFO  [main]     mycluster.privilege.UserPrivilege     needed privileges: [BIKE, GETNESTED]
47   INFO  [main] org.jdbcluster.privilege.PrivilegeCheckerImpl     property [nested.nestedDomain] is not accessable. Skipping Priv test
47   INFO  [main]     mycluster.privilege.UserPrivilege     needed privileges: [BIKE, NeedsRight4[ColorType]DomainValue[BlackWhite]]
47   INFO  [main]     mycluster.privilege.UserPrivilege     needed privileges: [NeedsRight4[ColorType]DomainValue[BlackWhite]]
47   INFO  [main]     mycluster.privilege.UserPrivilege     needed privileges: [BIKE, GETCOLTYPE]
48   INFO  [main]     mycluster.privilege.UserPrivilege     needed privileges: [BIKE, GETNESTED]
48   INFO  [main] org.jdbcluster.privilege.PrivilegeCheckerImpl     property [nested.nestedDomain] is not accessable. Skipping Priv test
49   INFO  [main]     mycluster.privilege.UserPrivilege     needed privileges: [BIKE, NeedsRight4[ColorType]DomainValue[BlackWhite]]
49   INFO  [main]     mycluster.privilege.UserPrivilege     needed privileges: [NeedsRight4[Color]DomainValue[BLACK]]
50   INFO  [main]     mycluster.privilege.UserPrivilege     needed privileges: [BIKE, GETCOLTYPE]
51   INFO  [main]     mycluster.privilege.UserPrivilege     needed privileges: [BIKE, GETCOLTYPE]
51   INFO  [main]     mycluster.privilege.UserPrivilege     needed privileges: [BIKE, GETNESTED]
51   INFO  [main] org.jdbcluster.privilege.PrivilegeCheckerImpl     property [nested.nestedDomain] is not accessable. Skipping Priv test
51   INFO  [main]     mycluster.privilege.UserPrivilege     needed privileges: [BIKE, NeedsRight4[ColorType]DomainValue[BlackWhite]]
51   INFO  [main]     mycluster.privilege.UserPrivilege     needed privileges: [NeedsRight4[Color]DomainValue[WHITE]]
52   INFO  [main]     mycluster.privilege.UserPrivilege     needed privileges: [BIKE, GETCOLTYPE]
52   INFO  [main]     mycluster.privilege.UserPrivilege     needed privileges: [BIKE, GETCOLTYPE]
53   INFO  [main]     mycluster.privilege.UserPrivilege     needed privileges: [BIKE, GETNESTED]
53   INFO  [main] org.jdbcluster.privilege.PrivilegeCheckerImpl     property [nested.nestedDomain] is not accessable. Skipping Priv test
53   INFO  [main]     mycluster.privilege.UserPrivilege     needed privileges: [BIKE, NeedsRight4[ColorType]DomainValue[BlackWhite]]
53   INFO  [main]     mycluster.privilege.UserPrivilege     needed privileges: [NeedsRight4[Color]DomainValue[GREY50%]]
53   INFO  [main]     mycluster.privilege.UserPrivilege     needed privileges: [BIKE, GETCOLTYPE]
54   INFO  [main]     mycluster.privilege.UserPrivilege     needed privileges: [BIKE, GETCOLTYPE]
54   INFO  [main]     mycluster.privilege.UserPrivilege     needed privileges: [BIKE, GETNESTED]
54   INFO  [main] org.jdbcluster.privilege.PrivilegeCheckerImpl     property [nested.nestedDomain] is not accessable. Skipping Priv test
55   INFO  [main]     mycluster.privilege.UserPrivilege     needed privileges: [BIKE, NeedsRight4[ColorType]DomainValue[BlackWhite]]
55   INFO  [main]     mycluster.privilege.UserPrivilege     needed privileges: [NeedsRight4[Color]DomainValue[NULL]]
55   INFO  [main]     mycluster.privilege.UserPrivilege     needed privileges: [BIKE, GETCOLTYPE]
55   INFO  [main]     mycluster.privilege.UserPrivilege     needed privileges: [BIKE, GETCOLTYPE]
56   INFO  [main]     mycluster.privilege.UserPrivilege     needed privileges: [BIKE, GETNESTED]
56   INFO  [main] org.jdbcluster.privilege.PrivilegeCheckerImpl     property [nested.nestedDomain] is not accessable. Skipping Priv test
56   INFO  [main]     mycluster.privilege.UserPrivilege     needed privileges: [BIKE, NeedsRight4[ColorType]DomainValue[BlackWhite]]
56   INFO  [main]     mycluster.privilege.UserPrivilege     needed privileges: [NeedsRight4[Color]DomainValue[RED]]
56   INFO  [main]     mycluster.privilege.UserPrivilege     needed privileges: [BIKE, GETCOLTYPE]
57   INFO  [main]     mycluster.privilege.UserPrivilege     needed privileges: [BIKE, GETCOLTYPE]
57   INFO  [main]     mycluster.privilege.UserPrivilege     needed privileges: [BIKE, GETNESTED]
57   INFO  [main] org.jdbcluster.privilege.PrivilegeCheckerImpl     property [nested.nestedDomain] is not accessable. Skipping Priv test
57   INFO  [main]     mycluster.privilege.UserPrivilege     needed privileges: [BIKE, NeedsRight4[ColorType]DomainValue[BlackWhite]]
57   INFO  [main]     mycluster.privilege.UserPrivilege     needed privileges: [NeedsRight4[Color]DomainValue[GREEN]]
58   INFO  [main]     mycluster.privilege.UserPrivilege     needed privileges: [BIKE, GETCOLTYPE]
58   INFO  [main]     mycluster.privilege.UserPrivilege     needed privileges: [BIKE, GETNESTED]
58   INFO  [main] org.jdbcluster.privilege.PrivilegeCheckerImpl     property [nested.nestedDomain] is not accessable. Skipping Priv test
58   INFO  [main]     mycluster.privilege.UserPrivilege     needed privileges: [BIKE, NeedsRight4[ColorType]DomainValue[None]]
58   INFO  [main]     mycluster.privilege.UserPrivilege     needed privileges: [NeedsRight4[ColorType]DomainValue[None]]
60   INFO  [main]     mycluster.privilege.UserPrivilege     needed privileges: [BIKE, GETCOLTYPE]
60   INFO  [main]     mycluster.privilege.UserPrivilege     needed privileges: [BIKE, GETNESTED]
60   INFO  [main] org.jdbcluster.privilege.PrivilegeCheckerImpl     property [nested.nestedDomain] is not accessable. Skipping Priv test
60   INFO  [main]     mycluster.privilege.UserPrivilege     needed privileges: [BIKE, NeedsRight4[ColorType]DomainValue[None]]
60   INFO  [main]     mycluster.privilege.UserPrivilege     needed privileges: [NeedsRight4[Color]DomainValue[NULL]]
61   INFO  [main]     mycluster.privilege.UserPrivilege     needed privileges: [BIKE, GETCOLTYPE]
61   INFO  [main]     mycluster.privilege.UserPrivilege     needed privileges: [BIKE, GETCOLTYPE]
62   INFO  [main]     mycluster.privilege.UserPrivilege     needed privileges: [BIKE, GETNESTED]
62   INFO  [main] org.jdbcluster.privilege.PrivilegeCheckerImpl     property [nested.nestedDomain] is not accessable. Skipping Priv test
62   INFO  [main]     mycluster.privilege.UserPrivilege     needed privileges: [BIKE, NeedsRight4[ColorType]DomainValue[None]]
62   INFO  [main]     mycluster.privilege.UserPrivilege     needed privileges: [NeedsRight4[Color]DomainValue[GREEN]]
63   INFO  [main]     mycluster.privilege.UserPrivilege     needed privileges: [BIKE, GETCOLTYPE]
63   INFO  [main]     mycluster.privilege.UserPrivilege     needed privileges: [BIKE, GETNESTED]
63   INFO  [main] org.jdbcluster.privilege.PrivilegeCheckerImpl     property [nested.nestedDomain] is not accessable. Skipping Priv test
89   INFO  [main]     mycluster.privilege.UserPrivilege     needed privileges: [BIKE, NeedsRight4[ColorType]DomainValue[All]]
89   INFO  [main]     mycluster.privilege.UserPrivilege     needed privileges: [NeedsRight4[ColorType]DomainValue[All]]
89   INFO  [main]     mycluster.privilege.UserPrivilege     needed privileges: [BIKE, GETCOLTYPE]
90   INFO  [main]     mycluster.privilege.UserPrivilege     needed privileges: [BIKE, GETNESTED]
90   INFO  [main] org.jdbcluster.privilege.PrivilegeCheckerImpl     property [nested.nestedDomain] is not accessable. Skipping Priv test
90   INFO  [main]     mycluster.privilege.UserPrivilege     needed privileges: [BIKE, NeedsRight4[ColorType]DomainValue[All]]
90   INFO  [main]     mycluster.privilege.UserPrivilege     needed privileges: [NeedsRight4[Color]DomainValue[NULL]]
90   INFO  [main]     mycluster.privilege.UserPrivilege     needed privileges: [BIKE, GETCOLTYPE]
90   INFO  [main]     mycluster.privilege.UserPrivilege     needed privileges: [BIKE, GETCOLTYPE]
91   INFO  [main]     mycluster.privilege.UserPrivilege     needed privileges: [BIKE, GETNESTED]
91   INFO  [main] org.jdbcluster.privilege.PrivilegeCheckerImpl     property [nested.nestedDomain] is not accessable. Skipping Priv test
91   INFO  [main]     mycluster.privilege.UserPrivilege     needed privileges: [BIKE, NeedsRight4[ColorType]DomainValue[All]]
91   INFO  [main]     mycluster.privilege.UserPrivilege     needed privileges: [NeedsRight4[Color]DomainValue[RED]]
91   INFO  [main]     mycluster.privilege.UserPrivilege     needed privileges: [BIKE, GETCOLTYPE]
92   INFO  [main]     mycluster.privilege.UserPrivilege     needed privileges: [BIKE, GETCOLTYPE]
92   INFO  [main]     mycluster.privilege.UserPrivilege     needed privileges: [BIKE, GETNESTED]
92   INFO  [main] org.jdbcluster.privilege.PrivilegeCheckerImpl     property [nested.nestedDomain] is not accessable. Skipping Priv test
92   INFO  [main]     mycluster.privilege.UserPrivilege     needed privileges: [BIKE, NeedsRight4[ColorType]DomainValue[All]]
92   INFO  [main]     mycluster.privilege.UserPrivilege     needed privileges: [NeedsRight4[Color]DomainValue[GREEN]]
93   INFO  [main]     mycluster.privilege.UserPrivilege     needed privileges: [BIKE, GETCOLTYPE]
94   INFO  [main]     mycluster.privilege.UserPrivilege     needed privileges: [BIKE, GETCOLTYPE]
94   INFO  [main]     mycluster.privilege.UserPrivilege     needed privileges: [BIKE, GETNESTED]
94   INFO  [main] org.jdbcluster.privilege.PrivilegeCheckerImpl     property [nested.nestedDomain] is not accessable. Skipping Priv test
94   INFO  [main]     mycluster.privilege.UserPrivilege     needed privileges: [BIKE, NeedsRight4[ColorType]DomainValue[All]]
94   INFO  [main]     mycluster.privilege.UserPrivilege     needed privileges: [NeedsRight4[Color]DomainValue[BLUE]]
94   INFO  [main]     mycluster.privilege.UserPrivilege     needed privileges: [BIKE, GETCOLTYPE]
95   INFO  [main]     mycluster.privilege.UserPrivilege     needed privileges: [BIKE, GETCOLTYPE]
96   INFO  [main]     mycluster.privilege.UserPrivilege     needed privileges: [BIKE, GETNESTED]
96   INFO  [main] org.jdbcluster.privilege.PrivilegeCheckerImpl     property [nested.nestedDomain] is not accessable. Skipping Priv test
96   INFO  [main]     mycluster.privilege.UserPrivilege     needed privileges: [BIKE, NeedsRight4[ColorType]DomainValue[All]]
96   INFO  [main]     mycluster.privilege.UserPrivilege     needed privileges: [NeedsRight4[Color]DomainValue[BLACK]]
96   INFO  [main]     mycluster.privilege.UserPrivilege     needed privileges: [BIKE, GETCOLTYPE]
96   INFO  [main]     mycluster.privilege.UserPrivilege     needed privileges: [BIKE, GETCOLTYPE]
97   INFO  [main]     mycluster.privilege.UserPrivilege     needed privileges: [BIKE, GETNESTED]
97   INFO  [main] org.jdbcluster.privilege.PrivilegeCheckerImpl     property [nested.nestedDomain] is not accessable. Skipping Priv test
97   INFO  [main]     mycluster.privilege.UserPrivilege     needed privileges: [BIKE, NeedsRight4[ColorType]DomainValue[All]]
97   INFO  [main]     mycluster.privilege.UserPrivilege     needed privileges: [NeedsRight4[Color]DomainValue[WHITE]]
97   INFO  [main]     mycluster.privilege.UserPrivilege     needed privileges: [BIKE, GETCOLTYPE]
98   INFO  [main]     mycluster.privilege.UserPrivilege     needed privileges: [BIKE, GETCOLTYPE]
98   INFO  [main]     mycluster.privilege.UserPrivilege     needed privileges: [BIKE, GETNESTED]
98   INFO  [main] org.jdbcluster.privilege.PrivilegeCheckerImpl     property [nested.nestedDomain] is not accessable. Skipping Priv test
98   INFO  [main]     mycluster.privilege.UserPrivilege     needed privileges: [BIKE, NeedsRight4[ColorType]DomainValue[All]]
98   INFO  [main]     mycluster.privilege.UserPrivilege     needed privileges: [NeedsRight4[Color]DomainValue[GREY50%]]
98   INFO  [main]     mycluster.privilege.UserPrivilege     needed privileges: [BIKE, GETCOLTYPE]
145  INFO  [main]     mycluster.privilege.UserPrivilege     needed privileges: [BIKE]
146  INFO  [main]     mycluster.privilege.UserPrivilege     needed privileges: [BIKE, GETNESTED]
146  INFO  [main] org.jdbcluster.privilege.PrivilegeCheckerImpl     property [nested.nestedDomain] is not accessable. Skipping Priv test
146  INFO  [main]     mycluster.privilege.UserPrivilege     needed privileges: [BIKE, NeedsRight4[ColorType]DomainValue[Color]]
146  INFO  [main]     mycluster.privilege.UserPrivilege     needed privileges: [NeedsRight4[ColorType]DomainValue[Color]]
146  INFO  [main]     mycluster.privilege.UserPrivilege     needed privileges: [BIKE, GETCOLTYPE]
146  INFO  [main]     mycluster.privilege.UserPrivilege     needed privileges: [BIKE, GETNESTED]
147  INFO  [main] org.jdbcluster.privilege.PrivilegeCheckerImpl     property [nested.nestedDomain] is not accessable. Skipping Priv test
147  INFO  [main]     mycluster.privilege.UserPrivilege     needed privileges: [BIKE, NeedsRight4[ColorType]DomainValue[Color]]
147  INFO  [main]     mycluster.privilege.UserPrivilege     needed privileges: [NeedsRight4[Color]DomainValue[RED]]
147  INFO  [main]     mycluster.privilege.UserPrivilege     needed privileges: [BIKE, GETCOLTYPE]
148  INFO  [main]     mycluster.privilege.UserPrivilege     needed privileges: [BIKE, GETCOLTYPE]
148  INFO  [main]     mycluster.privilege.UserPrivilege     needed privileges: [BIKE, GETNESTED]
148  INFO  [main] org.jdbcluster.privilege.PrivilegeCheckerImpl     property [nested.nestedDomain] is not accessable. Skipping Priv test
148  INFO  [main]     mycluster.privilege.UserPrivilege     needed privileges: [BIKE, SETCOLSHADE, NeedsRight4[ColorType]DomainValue[Color]]
151  INFO  [main]     mycluster.privilege.UserPrivilege     needed privileges: [GETCOLOR, BIKE]
152  INFO  [main]     mycluster.privilege.UserPrivilege     needed privileges: [BIKE, GETCOLTYPE]
155  INFO  [main]     mycluster.privilege.UserPrivilege     needed privileges: [BIKE, GETCOLTYPE]
155  INFO  [main]     mycluster.privilege.UserPrivilege     needed privileges: [BIKE, GETNESTED]
155  INFO  [main] org.jdbcluster.privilege.PrivilegeCheckerImpl     property [nested.nestedDomain] is not accessable. Skipping Priv test
155  INFO  [main]     mycluster.privilege.UserPrivilege     needed privileges: [BIKE, SETCOLSHADE, NeedsRight4[ColorType]DomainValue[Color]]
156  INFO  [main]     mycluster.privilege.UserPrivilege     needed privileges: [GETCOLOR, BIKE]
156  INFO  [main]     mycluster.privilege.UserPrivilege     needed privileges: [BIKE, GETCOLTYPE]
157  INFO  [main]     mycluster.privilege.UserPrivilege     needed privileges: [BIKE, GETCOLTYPE]
157  INFO  [main]     mycluster.privilege.UserPrivilege     needed privileges: [BIKE, GETNESTED]
157  INFO  [main] org.jdbcluster.privilege.PrivilegeCheckerImpl     property [nested.nestedDomain] is not accessable. Skipping Priv test
157  INFO  [main]     mycluster.privilege.UserPrivilege     needed privileges: [BIKE, SETCOLSHADE, NeedsRight4[ColorType]DomainValue[Color]]
157  INFO  [main]     mycluster.privilege.UserPrivilege     needed privileges: [GETCOLOR, BIKE]
158  INFO  [main]     mycluster.privilege.UserPrivilege     needed privileges: [BIKE, GETCOLTYPE]
158  INFO  [main]     mycluster.privilege.UserPrivilege     needed privileges: [BIKE, GETCOLTYPE]
158  INFO  [main]     mycluster.privilege.UserPrivilege     needed privileges: [BIKE, GETNESTED]
158  INFO  [main] org.jdbcluster.privilege.PrivilegeCheckerImpl     property [nested.nestedDomain] is not accessable. Skipping Priv test
158  INFO  [main]     mycluster.privilege.UserPrivilege     needed privileges: [BIKE, NeedsRight4[ColorType]DomainValue[Color]]
158  INFO  [main]     mycluster.privilege.UserPrivilege     needed privileges: [NeedsRight4[Color]DomainValue[GREEN]]
159  INFO  [main]     mycluster.privilege.UserPrivilege     needed privileges: [BIKE, GETCOLTYPE]
159  INFO  [main]     mycluster.privilege.UserPrivilege     needed privileges: [BIKE, GETCOLTYPE]
159  INFO  [main]     mycluster.privilege.UserPrivilege     needed privileges: [BIKE, GETNESTED]
159  INFO  [main] org.jdbcluster.privilege.PrivilegeCheckerImpl     property [nested.nestedDomain] is not accessable. Skipping Priv test
159  INFO  [main]     mycluster.privilege.UserPrivilege     needed privileges: [BIKE, SETCOLSHADE, NeedsRight4[ColorType]DomainValue[Color]]
160  INFO  [main]     mycluster.privilege.UserPrivilege     needed privileges: [GETCOLOR, BIKE]
160  INFO  [main]     mycluster.privilege.UserPrivilege     needed privileges: [BIKE, GETCOLTYPE]
160  INFO  [main]     mycluster.privilege.UserPrivilege     needed privileges: [BIKE, GETCOLTYPE]
161  INFO  [main]     mycluster.privilege.UserPrivilege     needed privileges: [BIKE, GETNESTED]
161  INFO  [main] org.jdbcluster.privilege.PrivilegeCheckerImpl     property [nested.nestedDomain] is not accessable. Skipping Priv test
161  INFO  [main]     mycluster.privilege.UserPrivilege     needed privileges: [BIKE, SETCOLSHADE, NeedsRight4[ColorType]DomainValue[Color]]
161  INFO  [main]     mycluster.privilege.UserPrivilege     needed privileges: [GETCOLOR, BIKE]
161  INFO  [main]     mycluster.privilege.UserPrivilege     needed privileges: [BIKE, GETCOLTYPE]
225  INFO  [main]     mycluster.privilege.UserPrivilege     needed privileges: [BIKE]
226  INFO  [main]     mycluster.privilege.UserPrivilege     needed privileges: [BIKE, GETNESTED]
226  INFO  [main] org.jdbcluster.privilege.PrivilegeCheckerImpl     property [nested.nestedDomain] is not accessable. Skipping Priv test
226  INFO  [main]     mycluster.privilege.UserPrivilege     needed privileges: [BIKE, NeedsRight4[ColorType]DomainValue[Color]]
226  INFO  [main]     mycluster.privilege.UserPrivilege     needed privileges: [NeedsRight4[ColorType]DomainValue[Color]]
226  INFO  [main]     mycluster.privilege.UserPrivilege     needed privileges: [BIKE, GETCOLTYPE]
226  INFO  [main]     mycluster.privilege.UserPrivilege     needed privileges: [BIKE, GETNESTED]
226  INFO  [main] org.jdbcluster.privilege.PrivilegeCheckerImpl     property [nested.nestedDomain] is not accessable. Skipping Priv test
226  INFO  [main]     mycluster.privilege.UserPrivilege     needed privileges: [BIKE, NeedsRight4[ColorType]DomainValue[Color]]
227  INFO  [main]     mycluster.privilege.UserPrivilege     needed privileges: [NeedsRight4[Color]DomainValue[RED]]
227  INFO  [main]     mycluster.privilege.UserPrivilege     needed privileges: [BIKE, GETCOLTYPE]
227  INFO  [main]     mycluster.privilege.UserPrivilege     needed privileges: [GETCOLOR, BIKE]
227  DEBUG [main] org.jdbcluster.domain.DomainCheckerImpl     check for cluster [mycluster.CBicycle] and Property Slave Path [color] and Slave Value [RED] and Domain Dependancy Domain Id [ColorDomain]
228  INFO  [main]     mycluster.privilege.UserPrivilege     needed privileges: [BIKE, GETCOLTYPE]
228  INFO  [main]     mycluster.privilege.UserPrivilege     needed privileges: [BIKE, GETNESTED]
228  INFO  [main] org.jdbcluster.privilege.PrivilegeCheckerImpl     property [nested.nestedDomain] is not accessable. Skipping Priv test
228  INFO  [main]     mycluster.privilege.UserPrivilege     needed privileges: [BIKE, NeedsRight4[ColorType]DomainValue[BlackWhite]]
228  INFO  [main]     mycluster.privilege.UserPrivilege     needed privileges: [NeedsRight4[ColorType]DomainValue[BlackWhite]]
228  INFO  [main]     mycluster.privilege.UserPrivilege     needed privileges: [GETCOLOR, BIKE]
229  DEBUG [main] org.jdbcluster.domain.DomainCheckerImpl     check for cluster [mycluster.CBicycle] and Property Slave Path [color] and Slave Value [RED] and Domain Dependancy Domain Id [ColorDomain]
229  INFO  [main]     mycluster.privilege.UserPrivilege     needed privileges: [BIKE, GETCOLTYPE]
288  INFO  [main]     mycluster.privilege.UserPrivilege     needed privileges: [BIKE]
289  INFO  [main]     mycluster.privilege.UserPrivilege     needed privileges: [BIKE, GETNESTED]
289  INFO  [main] org.jdbcluster.privilege.PrivilegeCheckerImpl     property [nested.nestedDomain] is not accessable. Skipping Priv test
289  INFO  [main]     mycluster.privilege.UserPrivilege     needed privileges: [BIKE, NeedsRight4[ColorType]DomainValue[All]]
289  INFO  [main]     mycluster.privilege.UserPrivilege     needed privileges: [NeedsRight4[ColorType]DomainValue[All]]
290  INFO  [main]     mycluster.privilege.UserPrivilege     needed privileges: [BIKE, GETCOLTYPE]
290  INFO  [main]     mycluster.privilege.UserPrivilege     needed privileges: [BIKE, GETNESTED]
290  INFO  [main] org.jdbcluster.privilege.PrivilegeCheckerImpl     property [nested.nestedDomain] is not accessable. Skipping Priv test
290  INFO  [main]     mycluster.privilege.UserPrivilege     needed privileges: [BIKE, NeedsRight4[ColorType]DomainValue[All]]
290  INFO  [main]     mycluster.privilege.UserPrivilege     needed privileges: [NeedsRight4[Color]DomainValue[RED]]
290  INFO  [main]     mycluster.privilege.UserPrivilege     needed privileges: [BIKE, GETCOLTYPE]
291  INFO  [main]     mycluster.privilege.UserPrivilege     needed privileges: [BIKE, GETCOLTYPE]
291  INFO  [main]     mycluster.privilege.UserPrivilege     needed privileges: [BIKE, GETNESTED]
291  INFO  [main] org.jdbcluster.privilege.PrivilegeCheckerImpl     property [nested.nestedDomain] is not accessable. Skipping Priv test
291  INFO  [main]     mycluster.privilege.UserPrivilege     needed privileges: [BIKE, SETCOLSHADE, NeedsRight4[ColorType]DomainValue[All]]
291  INFO  [main]     mycluster.privilege.UserPrivilege     needed privileges: [GETCOLOR, BIKE]
292  INFO  [main]     mycluster.privilege.UserPrivilege     needed privileges: [BIKE, GETCOLTYPE]
292  INFO  [main]     mycluster.privilege.UserPrivilege     needed privileges: [BIKE, GETCOLTYPE]
294  INFO  [main]     mycluster.privilege.UserPrivilege     needed privileges: [BIKE, GETNESTED]
294  INFO  [main] org.jdbcluster.privilege.PrivilegeCheckerImpl     property [nested.nestedDomain] is not accessable. Skipping Priv test
295  INFO  [main]     mycluster.privilege.UserPrivilege     needed privileges: [BIKE, NeedsRight4[ColorType]DomainValue[All]]
295  DEBUG [main] org.jdbcluster.domain.DomainCheckerImpl     check for cluster [mycluster.CBicycle] and Property Slave Path [colorShading] and Slave Value [MiddleRED] and Domain Dependancy Domain Id [ColorShadingDomain]
299  INFO  [main]     mycluster.privilege.UserPrivilege     needed privileges: [GETCOLOR, BIKE]
299  INFO  [main]     mycluster.privilege.UserPrivilege     needed privileges: [BIKE, GETCOLTYPE]
299  INFO  [main]     mycluster.privilege.UserPrivilege     needed privileges: [BIKE, GETCOLTYPE]
300  INFO  [main]     mycluster.privilege.UserPrivilege     needed privileges: [BIKE, GETNESTED]
300  INFO  [main] org.jdbcluster.privilege.PrivilegeCheckerImpl     property [nested.nestedDomain] is not accessable. Skipping Priv test
300  INFO  [main]     mycluster.privilege.UserPrivilege     needed privileges: [BIKE, SETCOLSHADE, NeedsRight4[ColorType]DomainValue[All]]
300  INFO  [main]     mycluster.privilege.UserPrivilege     needed privileges: [GETCOLOR, BIKE]
300  INFO  [main]     mycluster.privilege.UserPrivilege     needed privileges: [BIKE, GETCOLTYPE]
301  INFO  [main]     mycluster.privilege.UserPrivilege     needed privileges: [BIKE, GETCOLTYPE]
301  INFO  [main]     mycluster.privilege.UserPrivilege     needed privileges: [BIKE, GETNESTED]
301  INFO  [main] org.jdbcluster.privilege.PrivilegeCheckerImpl     property [nested.nestedDomain] is not accessable. Skipping Priv test
301  INFO  [main]     mycluster.privilege.UserPrivilege     needed privileges: [BIKE, NeedsRight4[ColorType]DomainValue[All]]
301  DEBUG [main] org.jdbcluster.domain.DomainCheckerImpl     check for cluster [mycluster.CBicycle] and Property Slave Path [colorShading] and Slave Value [DarkRED] and Domain Dependancy Domain Id [ColorShadingDomain]
302  INFO  [main]     mycluster.privilege.UserPrivilege     needed privileges: [GETCOLOR, BIKE]
302  INFO  [main]     mycluster.privilege.UserPrivilege     needed privileges: [BIKE, GETCOLTYPE]
302  INFO  [main]     mycluster.privilege.UserPrivilege     needed privileges: [BIKE, GETCOLTYPE]
303  INFO  [main]     mycluster.privilege.UserPrivilege     needed privileges: [BIKE, GETNESTED]
303  INFO  [main] org.jdbcluster.privilege.PrivilegeCheckerImpl     property [nested.nestedDomain] is not accessable. Skipping Priv test
303  INFO  [main]     mycluster.privilege.UserPrivilege     needed privileges: [BIKE, SETCOLSHADE, NeedsRight4[ColorType]DomainValue[All]]
305  INFO  [main]     mycluster.privilege.UserPrivilege     needed privileges: [GETCOLOR, BIKE]
305  INFO  [main]     mycluster.privilege.UserPrivilege     needed privileges: [BIKE, GETCOLTYPE]
]]></system-out>
  <system-err><![CDATA[]]></system-err>
</testsuite>
