<?xml version="1.0" encoding="UTF-8" ?>
<testsuite errors="0" failures="0" hostname="Macintosh-5" name="test.domain.TestDomainList2" tests="3" time="0.597" timestamp="2008-01-08T19:41:57">
  <properties>
    <property name="java.vendor" value="Apple Inc." />
    <property name="sun.java.launcher" value="SUN_STANDARD" />
    <property name="eclipse.pdebuild.templates" value="/Users/christopherschmidt/Code/eclipse3.3.1.1/plugins/org.eclipse.pde.build_3.3.2.R331_v20071019/templates//" />
    <property name="sun.management.compiler" value="HotSpot 64-Bit Server Compiler" />
    <property name="dist" value="/Users/christopherschmidt/Code/workspace/JDBCluster0.9/dist" />
    <property name="os.name" value="Mac OS X" />
    <property name="sun.boot.class.path" value="/System/Library/Frameworks/JavaVM.framework/Versions/1.6.0/Classes/classes.jar:/System/Library/Frameworks/JavaVM.framework/Versions/1.6.0/Classes/ui.jar:/System/Library/Frameworks/JavaVM.framework/Versions/1.6.0/Classes/laf.jar:/System/Library/Frameworks/JavaVM.framework/Versions/1.6.0/Classes/sunrsasign.jar:/System/Library/Frameworks/JavaVM.framework/Versions/1.6.0/Classes/jsse.jar:/System/Library/Frameworks/JavaVM.framework/Versions/1.6.0/Classes/jce.jar:/System/Library/Frameworks/JavaVM.framework/Versions/1.6.0/Classes/charsets.jar" />
    <property name="JUNIT_HOME" value="/Users/christopherschmidt/Code/Projekte/Java/ThirdParty/junit/4.3.1/lib" />
    <property name="TODAY" value="January 8 2008" />
    <property name="JDBCluster_ThirdParty" value="/Users/christopherschmidt/Code/Projekte/Java/ThirdParty" />
    <property name="java.vm.specification.vendor" value="Sun Microsystems Inc." />
    <property name="ant.home" value="/Users/christopherschmidt/Code/eclipse3.3.1.1/plugins/org.apache.ant_1.7.0.v200706080842" />
    <property name="java.runtime.version" value="1.6.0_01-dp-b06-101" />
    <property name="user.name" value="christopherschmidt" />
    <property name="src.excludes" value="src/org/jdbcluster/logging/,src/org/jdbcluster/tracing/" />
    <property name="awt.nativeDoubleBuffering" value="true" />
    <property name="user.language" value="de" />
    <property name="build" value="/Users/christopherschmidt/Code/workspace/JDBCluster0.9/build" />
    <property name="sun.boot.library.path" value="/System/Library/Frameworks/JavaVM.framework/Versions/1.6.0/Libraries" />
    <property name="ant.project.name" value="JDBCluster" />
    <property name="DSTAMP" value="20080108" />
    <property name="java.version" value="1.6.0_01-dp" />
    <property name="user.timezone" value="" />
    <property name="sun.arch.data.model" value="64" />
    <property name="java.endorsed.dirs" value="/System/Library/Frameworks/JavaVM.framework/Versions/1.6.0/Home/lib/endorsed" />
    <property name="sun.cpu.isalist" value="" />
    <property name="sun.jnu.encoding" value="MacRoman" />
    <property name="file.encoding.pkg" value="sun.io" />
    <property name="file.separator" value="/" />
    <property name="java.specification.name" value="Java Platform API Specification" />
    <property name="java.class.version" value="50.0" />
    <property name="src" value="/Users/christopherschmidt/Code/workspace/JDBCluster0.9/src" />
    <property name="user.country" value="DE" />
    <property name="java.home" value="/System/Library/Frameworks/JavaVM.framework/Versions/1.6.0/Home" />
    <property name="java.vm.info" value="mixed mode" />
    <property name="ant.file" value="/Users/christopherschmidt/Code/workspace/JDBCluster0.9/build.xml" />
    <property name="os.version" value="10.5.1" />
    <property name="test.reports" value="/Users/christopherschmidt/Code/workspace/JDBCluster0.9/TestReports" />
    <property name="path.separator" value=":" />
    <property name="java.vm.version" value="1.6.0_01-41-release" />
    <property name="ant.file.JDBCluster" value="/Users/christopherschmidt/Code/workspace/JDBCluster0.9/build.xml" />
    <property name="ant.library.dir" value="/Users/christopherschmidt/Code/eclipse3.3.1.1/plugins/org.apache.ant_1.7.0.v200706080842/lib" />
    <property name="java.awt.printerjob" value="apple.awt.CPrinterJob" />
    <property name="sun.io.unicode.encoding" value="UnicodeLittle" />
    <property name="awt.toolkit" value="apple.awt.CToolkit" />
    <property name="eclipse.pdebuild.scripts" value="/Users/christopherschmidt/Code/eclipse3.3.1.1/plugins/org.eclipse.pde.build_3.3.2.R331_v20071019/scripts//" />
    <property name="user.home" value="/Users/christopherschmidt" />
    <property name="java.specification.vendor" value="Sun Microsystems Inc." />
    <property name="test" value="/Users/christopherschmidt/Code/workspace/JDBCluster0.9/test" />
    <property name="java.library.path" value=".:/Library/Java/Extensions:/System/Library/Java/Extensions:/usr/lib/java" />
    <property name="java.vendor.url" value="http://www.apple.com/" />
    <property name="java.vm.vendor" value="Apple Inc." />
    <property name="gopherProxySet" value="false" />
    <property name="java.runtime.name" value="Java(TM) SE Runtime Environment" />
    <property name="java.class.path" value="/Users/christopherschmidt/Code/workspace/JDBCluster/bin:/Users/christopherschmidt/Code/Projekte/Java/ThirdParty/aspectj/1.5.3/lib/aspectjrt.jar:/Users/christopherschmidt/Code/Projekte/Java/ThirdParty/commons-logging/1.1/lib/commons-logging-1.1.jar:/Users/christopherschmidt/Code/Projekte/Java/ThirdParty/commons-logging/1.1/lib/commons-logging-adapters-1.1.jar:/Users/christopherschmidt/Code/Projekte/Java/ThirdParty/commons-logging/1.1/lib/commons-logging-api-1.1.jar:/Users/christopherschmidt/Code/Projekte/Java/ThirdParty/com4j/20061110/lib/com4j.jar:/Users/christopherschmidt/Code/Projekte/Java/ThirdParty/hibernate/3.2.5/lib/hibernate3.jar:/Users/christopherschmidt/Code/Projekte/Java/ThirdParty/hsqldb/1.8.0.7/lib/hsqldb.jar:/Users/christopherschmidt/Code/Projekte/Java/ThirdParty/spring/2.0.5/lib/spring.jar:/Users/christopherschmidt/Code/Projekte/Java/ThirdParty/log4j/1.2.14/lib/log4j-1.2.14.jar:/Users/christopherschmidt/Code/Projekte/Java/ThirdParty/spring/2.0.5/lib/modules/spring-hibernate3.jar:/Users/christopherschmidt/Code/Projekte/Java/ThirdParty/dom4j/1.6.1/lib/dom4j-1.6.1.jar:/Users/christopherschmidt/Code/Projekte/Java/ThirdParty/jaxen/1.1.1/lib/jaxen-1.1.1.jar:/Users/christopherschmidt/Code/Projekte/Java/ThirdParty/commons-collections/3.2/lib/commons-collections-3.2.jar:/Users/christopherschmidt/Code/Projekte/Java/ThirdParty/cglib/2.1.3/lib/cglib-2.1.3.jar:/Users/christopherschmidt/Code/Projekte/Java/ThirdParty/asm/unknown/lib/asm.jar:/Users/christopherschmidt/Code/Projekte/Java/ThirdParty/asm/unknown/lib/asm-attrs.jar:/Users/christopherschmidt/Code/Projekte/Java/ThirdParty/jta/1.0.1b/lib/jta.jar:/Users/christopherschmidt/Code/Projekte/Java/ThirdParty/antlr/2.7.6/lib/antlr-2.7.6.jar:/Users/christopherschmidt/Code/Projekte/Java/ThirdParty/aspectj/1.5.3/lib/aspectjtools.jar:/Users/christopherschmidt/Code/workspace/JDBCluster0.9/dist/lib/JDBClusterTest-20080108.jar:/Users/christopherschmidt/Code/workspace/JDBCluster0.9/dist/lib/JDBCluster-20080108.jar:/Users/christopherschmidt/Code/Projekte/Java/ThirdParty/junit/4.3.1/lib/junit-4.3.1.jar:/Users/christopherschmidt/Code/eclipse3.3.1.1/plugins/org.apache.ant_1.7.0.v200706080842/lib/ant-launcher.jar:/Users/christopherschmidt/Code/eclipse3.3.1.1/plugins/org.apache.ant_1.7.0.v200706080842/lib/ant.jar:/Users/christopherschmidt/Code/eclipse3.3.1.1/plugins/org.apache.ant_1.7.0.v200706080842/lib/ant-junit.jar" />
    <property name="ant.version" value="Apache Ant version 1.7.0 compiled on December 13 2006" />
    <property name="example" value="/Users/christopherschmidt/Code/workspace/JDBCluster0.9/example" />
    <property name="TSTAMP" value="2041" />
    <property name="project.name" value="JDBCluster" />
    <property name="java.vm.specification.name" value="Java Virtual Machine Specification" />
    <property name="java.vm.specification.version" value="1.0" />
    <property name="sun.cpu.endian" value="little" />
    <property name="sun.os.patch.level" value="unknown" />
    <property name="eclipse.pdebuild.home" value="/Users/christopherschmidt/Code/eclipse3.3.1.1/plugins/org.eclipse.pde.build_3.3.2.R331_v20071019/.//" />
    <property name="java.io.tmpdir" value="/tmp" />
    <property name="org.eclipse.ajdt.core.ASPECTJRT_CONTAINER" value="/Users/christopherschmidt/Code/Projekte/Java/ThirdParty/aspectj/1.5.3/lib/aspectjrt.jar" />
    <property name="java.vendor.url.bug" value="http://bugreport.apple.com/" />
    <property name="os.arch" value="x86_64" />
    <property name="java.awt.graphicsenv" value="apple.awt.CGraphicsEnvironment" />
    <property name="java.ext.dirs" value="/Library/Java/Extensions:/System/Library/Java/Extensions:/System/Library/Frameworks/JavaVM.framework/Versions/1.6.0/Home/lib/ext" />
    <property name="user.dir" value="/Users/christopherschmidt/Code/workspace/JDBCluster0.9" />
    <property name="mrj.version" value="1040.1.6.0_01-101" />
    <property name="line.separator" value="
" />
    <property name="java.vm.name" value="Java HotSpot(TM) 64-Bit Server VM" />
    <property name="src.includes" value="src/,example/,test/" />
    <property name="basedir" value="/Users/christopherschmidt/Code/workspace/JDBCluster0.9" />
    <property name="ant.java.version" value="1.6" />
    <property name="ant.core.lib" value="/Users/christopherschmidt/Code/eclipse3.3.1.1/plugins/org.apache.ant_1.7.0.v200706080842/lib/ant.jar" />
    <property name="file.encoding" value="MacRoman" />
    <property name="java.specification.version" value="1.6" />
  </properties>
  <testcase classname="test.domain.TestDomainList2" name="testDomainList" time="0.324" />
  <testcase classname="test.domain.TestDomainList2" name="testDomainListPath" time="0.114" />
  <testcase classname="test.domain.TestDomainList2" name="testDomainListAdditionalMaster" time="0.097" />
  <system-out><![CDATA[0    INFO  [main]     mycluster.privilege.UserPrivilege     needed privileges: [BIKE]
16   INFO  [main]     mycluster.privilege.UserPrivilege     needed privileges: [BIKE, GETNESTED]
16   INFO  [main] org.jdbcluster.privilege.PrivilegeCheckerImpl     property [nested.nestedDomain] is not accessable. Skipping Priv test
16   INFO  [main]     mycluster.privilege.UserPrivilege     needed privileges: [BIKE, NeedsRight4[ColorType]DomainValue[Color]]
18   INFO  [main]     mycluster.privilege.UserPrivilege     needed privileges: [NeedsRight4[ColorType]DomainValue[Color]]
19   DEBUG [main] org.jdbcluster.domain.DomainCheckerImpl     getValidDomainEntries for Cluster [mycluster.CBicycle] and property path [color]
22   INFO  [main]     mycluster.privilege.UserPrivilege     needed privileges: [BIKE, GETCOLTYPE]
23   DEBUG [main] org.jdbcluster.domain.DomainCheckerImpl     getValidDomainEntries doing rightsIntersection for master domain id[ColorTypeDomain] and masterValue [Color] and slaveDomainId [ColorDomain] and Field [color]
25   INFO  [main]     mycluster.privilege.UserPrivilege     needed privileges: [NeedsRight4[Color]DomainValue[RED]]
26   INFO  [main]     mycluster.privilege.UserPrivilege     needed privileges: [NeedsRight4[Color]DomainValue[GREEN]]
26   INFO  [main]     mycluster.privilege.UserPrivilege     needed privileges: [NeedsRight4[Color]DomainValue[BLUE]]
26   INFO  [main]     mycluster.privilege.UserPrivilege     needed privileges: [BIKE, GETNESTED]
26   INFO  [main] org.jdbcluster.privilege.PrivilegeCheckerImpl     property [nested.nestedDomain] is not accessable. Skipping Priv test
26   INFO  [main]     mycluster.privilege.UserPrivilege     needed privileges: [BIKE, NeedsRight4[ColorType]DomainValue[BlackWhite]]
26   INFO  [main]     mycluster.privilege.UserPrivilege     needed privileges: [NeedsRight4[ColorType]DomainValue[BlackWhite]]
27   DEBUG [main] org.jdbcluster.domain.DomainCheckerImpl     getValidDomainEntries for Cluster [mycluster.CBicycle] and property path [color]
27   INFO  [main]     mycluster.privilege.UserPrivilege     needed privileges: [BIKE, GETCOLTYPE]
27   DEBUG [main] org.jdbcluster.domain.DomainCheckerImpl     getValidDomainEntries doing rightsIntersection for master domain id[ColorTypeDomain] and masterValue [BlackWhite] and slaveDomainId [ColorDomain] and Field [color]
27   INFO  [main]     mycluster.privilege.UserPrivilege     needed privileges: [NeedsRight4[Color]DomainValue[RED]]
28   INFO  [main]     mycluster.privilege.UserPrivilege     needed privileges: [NeedsRight4[Color]DomainValue[GREEN]]
28   INFO  [main]     mycluster.privilege.UserPrivilege     needed privileges: [NeedsRight4[Color]DomainValue[BLUE]]
28   INFO  [main]     mycluster.privilege.UserPrivilege     needed privileges: [NeedsRight4[Color]DomainValue[WHITE]]
28   INFO  [main]     mycluster.privilege.UserPrivilege     needed privileges: [NeedsRight4[Color]DomainValue[GREY50%]]
28   INFO  [main]     mycluster.privilege.UserPrivilege     needed privileges: [BIKE, GETNESTED]
28   INFO  [main] org.jdbcluster.privilege.PrivilegeCheckerImpl     property [nested.nestedDomain] is not accessable. Skipping Priv test
28   INFO  [main]     mycluster.privilege.UserPrivilege     needed privileges: [BIKE, NeedsRight4[ColorType]DomainValue[None]]
28   INFO  [main]     mycluster.privilege.UserPrivilege     needed privileges: [NeedsRight4[ColorType]DomainValue[None]]
29   DEBUG [main] org.jdbcluster.domain.DomainCheckerImpl     getValidDomainEntries for Cluster [mycluster.CBicycle] and property path [color]
29   INFO  [main]     mycluster.privilege.UserPrivilege     needed privileges: [BIKE, GETCOLTYPE]
29   DEBUG [main] org.jdbcluster.domain.DomainCheckerImpl     getValidDomainEntries doing rightsIntersection for master domain id[ColorTypeDomain] and masterValue [None] and slaveDomainId [ColorDomain] and Field [color]
30   INFO  [main]     mycluster.privilege.UserPrivilege     needed privileges: [BIKE, GETNESTED]
30   INFO  [main] org.jdbcluster.privilege.PrivilegeCheckerImpl     property [nested.nestedDomain] is not accessable. Skipping Priv test
30   INFO  [main]     mycluster.privilege.UserPrivilege     needed privileges: [BIKE, NeedsRight4[ColorType]DomainValue[All]]
30   INFO  [main]     mycluster.privilege.UserPrivilege     needed privileges: [NeedsRight4[ColorType]DomainValue[All]]
30   DEBUG [main] org.jdbcluster.domain.DomainCheckerImpl     getValidDomainEntries for Cluster [mycluster.CBicycle] and property path [color]
31   INFO  [main]     mycluster.privilege.UserPrivilege     needed privileges: [BIKE, GETCOLTYPE]
31   DEBUG [main] org.jdbcluster.domain.DomainCheckerImpl     getValidDomainEntries doing rightsIntersection for master domain id[ColorTypeDomain] and masterValue [All] and slaveDomainId [ColorDomain] and Field [color]
31   INFO  [main]     mycluster.privilege.UserPrivilege     needed privileges: [NeedsRight4[Color]DomainValue[RED]]
31   INFO  [main]     mycluster.privilege.UserPrivilege     needed privileges: [NeedsRight4[Color]DomainValue[GREEN]]
31   INFO  [main]     mycluster.privilege.UserPrivilege     needed privileges: [NeedsRight4[Color]DomainValue[BLUE]]
31   INFO  [main]     mycluster.privilege.UserPrivilege     needed privileges: [NeedsRight4[Color]DomainValue[BLACK]]
31   INFO  [main]     mycluster.privilege.UserPrivilege     needed privileges: [NeedsRight4[Color]DomainValue[WHITE]]
31   INFO  [main]     mycluster.privilege.UserPrivilege     needed privileges: [NeedsRight4[Color]DomainValue[GREY50%]]
82   INFO  [main]     mycluster.privilege.UserPrivilege     needed privileges: [BIKE]
83   INFO  [main]     mycluster.privilege.UserPrivilege     needed privileges: [BIKE, GETNESTED]
83   INFO  [main] org.jdbcluster.privilege.PrivilegeCheckerImpl     property [nested.nestedDomain] is not accessable. Skipping Priv test
83   INFO  [main]     mycluster.privilege.UserPrivilege     needed privileges: [BIKE, NeedsRight4[ColorType]DomainValue[All]]
83   INFO  [main]     mycluster.privilege.UserPrivilege     needed privileges: [NeedsRight4[ColorType]DomainValue[All]]
83   INFO  [main]     mycluster.privilege.UserPrivilege     needed privileges: [BIKE, GETCOLTYPE]
84   INFO  [main]     mycluster.privilege.UserPrivilege     needed privileges: [BIKE, GETNESTED]
84   INFO  [main] org.jdbcluster.privilege.PrivilegeCheckerImpl     property [nested.nestedDomain] is not accessable. Skipping Priv test
84   INFO  [main]     mycluster.privilege.UserPrivilege     needed privileges: [BIKE, NeedsRight4[ColorType]DomainValue[All]]
85   INFO  [main]     mycluster.privilege.UserPrivilege     needed privileges: [NeedsRight4[Color]DomainValue[RED]]
86   INFO  [main]     mycluster.privilege.UserPrivilege     needed privileges: [BIKE, GETCOLTYPE]
86   DEBUG [main] org.jdbcluster.domain.DomainCheckerImpl     getValidDomainEntries for Cluster [mycluster.CBicycle] and property path [colorShading]
89   INFO  [main]     mycluster.privilege.UserPrivilege     needed privileges: [GETCOLOR, BIKE]
90   INFO  [main]     mycluster.privilege.UserPrivilege     needed privileges: [BIKE, GETCOLTYPE]
90   DEBUG [main] org.jdbcluster.domain.DomainCheckerImpl     getValidDomainEntries (additional master) doing rightsIntersection for master domain id[ColorDomain] and masterValue [RED] and slaveDomainId [ColorShadingDomain] and Field [colorShading]
97   INFO  [main]     mycluster.privilege.UserPrivilege     needed privileges: [BIKE, GETNESTED]
97   INFO  [main] org.jdbcluster.privilege.PrivilegeCheckerImpl     property [nested.nestedDomain] is not accessable. Skipping Priv test
97   INFO  [main]     mycluster.privilege.UserPrivilege     needed privileges: [BIKE, NeedsRight4[ColorType]DomainValue[Color]]
97   INFO  [main]     mycluster.privilege.UserPrivilege     needed privileges: [NeedsRight4[ColorType]DomainValue[Color]]
97   DEBUG [main] org.jdbcluster.domain.DomainCheckerImpl     getValidDomainEntries for Cluster [mycluster.CBicycle] and property path [colorShading]
127  INFO  [main]     mycluster.privilege.UserPrivilege     needed privileges: [GETCOLOR, BIKE]
128  INFO  [main]     mycluster.privilege.UserPrivilege     needed privileges: [BIKE, GETCOLTYPE]
129  DEBUG [main] org.jdbcluster.domain.DomainCheckerImpl     getValidDomainEntries (additional master) doing rightsIntersection for master domain id[ColorDomain] and masterValue [RED] and slaveDomainId [ColorShadingDomain] and Field [colorShading]
]]></system-out>
  <system-err><![CDATA[]]></system-err>
</testsuite>
